2017-04-05 12:13:27.436175: OK.
2017-04-05 12:13:44.344773: OK.
2017-04-05 12:13:58.792253: OK.
2017-04-05 12:14:15.466967: OK.
2017-04-05 12:14:19.266254: OK.
2017-04-06 17:24:26.798025: exec COMMUNICATION.
Traceback (most recent call last):
  File "/home/gudar/WebSites/pctracker/client/app.py", line 23, in <module>
    tcp_client.connect(server_address)
ConnectionRefusedError: [Errno 111] Connection refused
2017-04-06 17:38:06.418818: OK.
2017-04-06 17:39:54.010862: OK.
2017-04-06 17:40:04.900331: OK.
2017-04-06 17:40:07.726270: OK.
2017-04-06 17:40:09.466000: exec COMMUNICATION.
Traceback (most recent call last):
  File "/home/gudar/WebSites/pctracker/client/app.py", line 23, in <module>
    tcp_client.connect(server_address)
ConnectionRefusedError: [Errno 111] Connection refused
2017-04-06 17:40:15.094284: OK.
2017-04-06 18:47:09.214634: OK.
2017-04-07 00:26:44.838696: OK.
2017-04-07 00:31:50.943861: OK.
2017-04-07 00:31:53.363447: OK.
2017-04-07 00:39:26.125092: OK.
2017-04-07 00:40:46.970579: OK.
2017-04-07 00:42:02.323043: OK.
2017-04-07 01:02:57.041379: exec COMMUNICATION.
Traceback (most recent call last):
  File "/home/gudar/WebSites/pctracker/client/app.py", line 23, in <module>
    tcp_client.connect(server_address)
ConnectionRefusedError: [Errno 111] Connection refused
2017-04-07 01:11:24.256721: OK.
2017-04-07 01:11:26.748567: OK.
2017-04-07 01:11:27.855681: OK.
2017-04-07 01:11:28.377296: OK.
2017-04-07 01:11:28.742663: OK.
2017-04-07 01:11:29.184317: OK.
2017-04-07 01:11:29.594332: OK.
2017-04-07 01:11:29.984900: OK.
2017-04-07 01:28:24.405016: OK.
2017-04-07 01:28:25.578353: OK.
2017-04-07 01:28:26.436834: OK.
2017-04-07 02:32:46.634432: OK.
2017-04-07 02:32:48.677755: OK.
2017-04-07 03:03:55.666855: OK.
2017-04-09 06:55:20.056016: OK.
2017-04-09 06:58:02.629880: OK.
2017-04-09 06:59:38.737082: OK.
2017-04-09 07:21:30.736532: OK.
2017-04-09 07:23:03.549839: OK.
2017-04-09 07:43:50.021955: OK.
2017-04-09 11:17:22.371168: OK.
2017-04-09 14:53:11.768160: OK.
2017-04-09 15:33:44.291529: OK.
2017-04-09 15:42:02.911198: OK.
2017-04-09 15:55:04.775485: OK.
2017-04-09 16:25:25.203104: OK.
2017-04-09 16:27:35.538348: OK.
2017-04-09 16:35:16.185572: OK.
2017-04-09 16:35:53.483429: OK.
2017-04-09 16:36:35.349071: OK.
2017-04-09 16:38:37.849777: OK.
2017-04-09 16:39:17.290442: OK.
2017-04-09 16:40:47.690527: OK.
2017-04-09 16:41:29.683104: OK.
2017-04-09 16:41:50.451062: OK.
2017-04-09 16:42:15.289960: OK.
2017-04-09 16:42:32.433791: OK.
2017-04-09 16:42:46.738775: OK.
2017-04-09 16:53:44.314705: OK.
2017-04-09 18:23:11.597523: OK.
2017-04-09 18:23:32.692715: OK.
2017-04-09 18:25:10.419486: OK.
2017-04-09 18:25:11.002451: OK.
2017-04-09 18:25:11.609224: OK.
2017-04-09 18:25:12.148748: OK.
2017-04-09 18:45:13.058632: exec COMMUNICATION.
Traceback (most recent call last):
  File "/home/gudar/WebSites/pctracker/client/app.py", line 23, in <module>
    tcp_client.connect(server_address)
ConnectionRefusedError: [Errno 111] Connection refused
2017-04-09 18:45:22.525148: OK.
2017-04-09 19:21:33.672482: EXEC DELETE.
2017-04-09 19:21:45.043386: EXEC DELETE.
2017-04-09 19:22:00.718105: EXEC DELETE.
2017-04-09 19:22:06.543326: EXEC DELETE.
2017-04-09 19:22:40.298749: EXEC DELETE.
2017-04-09 19:22:56.370854: EXEC DELETE.
2017-04-09 19:23:18.500494: EXEC DELETE.
2017-04-09 19:23:44.677653: EXEC DELETE.
2017-04-09 19:23:53.092621: EXEC DELETE.
2017-04-09 19:24:19.005782: EXEC DELETE.
2017-04-09 19:25:18.415993: EXEC DELETE.
2017-04-09 19:25:36.087153: OK.
2017-04-09 19:26:16.690121: EXEC DELETE.
2017-04-09 19:26:58.529672: EXEC DELETE.
2017-04-09 19:27:22.327874: EXEC DELETE.
2017-04-09 19:28:43.325048: EXEC DELETE.
2017-04-09 19:30:58.618101: EXEC DELETE.
2017-04-09 19:31:44.860766: EXEC DELETE.
2017-04-09 19:31:50.370260: OK.
2017-04-09 19:34:12.588477: EXEC DELETE.
2017-04-09 19:34:25.721725: EXEC DELETE.
2017-04-09 19:40:57.135207: EXEC DELETE.
2017-04-09 19:46:26.012145: OK.
2017-04-09 19:46:27.186729: OK.
2017-04-09 19:46:38.177241: EXEC DELETE.
2017-04-09 19:46:45.419546: OK.
2017-04-09 19:47:32.829517: EXEC DELETE.
2017-04-09 19:48:02.808455: EXEC DELETE.
2017-04-09 19:48:30.321749: EXEC DELETE.
2017-04-09 19:48:47.336895: OK.
2017-04-09 19:52:41.272447: OK.
2017-04-09 19:53:48.456433: OK.
2017-04-09 19:54:02.461590: EXEC DELETE.
2017-04-09 19:54:24.713045: EXEC DELETE.
2017-04-09 19:55:44.810587: EXEC DELETE.
2017-04-09 19:59:27.034495: EXEC DELETE.
2017-04-09 20:34:48.825377: EXEC DELETE.
2017-04-09 20:35:51.754197: EXEC DELETE.
2017-04-09 20:37:01.526675: EXEC DELETE.
2017-04-09 20:38:45.491444: EXEC DELETE.
2017-04-09 20:39:03.781651: EXEC DELETE.
2017-04-09 20:39:31.406613: EXEC DELETE.
2017-04-09 20:40:14.490203: EXEC DELETE.
2017-04-09 20:40:28.596406: EXEC DELETE.
2017-04-09 20:40:46.825167: EXEC DELETE.
2017-04-09 20:42:19.152539: EXEC DELETE.
2017-04-09 20:42:37.225690: OK.
2017-04-09 21:37:35.621634: OK.
2017-04-09 21:39:46.126825: OK.
2017-04-09 21:39:52.336850: OK.
2017-04-09 21:41:06.655416: OK.
2017-04-09 21:41:14.549291: OK.
2017-04-09 21:42:32.605195: OK.
